Using pre-set license
Built from '2020.3/staging' branch; Version is '2020.3.8f1 (507919d4fff5) revision 5273881'; Using compiler version '192528614'; Build Type 'Release'
OS: 'Windows 10 Education; OS build 19042.928; Version 2009; 64bit' Language: 'en' Physical Memory: 16348 MB
BatchMode: 1, IsHumanControllingUs: 0, StartBugReporterOnCrash: 0, Is64bit: 1, IsPro: 0

 COMMAND LINE ARGUMENTS:
C:\Program Files\Unity\Hub\Editor\2020.3.8f1\Editor\Unity.exe
-adb2
-batchMode
-noUpm
-name
AssetImportWorker0
-projectPath
C:/Users/Luz/Desktop/GG-Programming-Test/Match Three Feature
-logFile
Logs/AssetImportWorker0.log
-srvPort
49223
Successfully changed project path to: C:/Users/Luz/Desktop/GG-Programming-Test/Match Three Feature
C:/Users/Luz/Desktop/GG-Programming-Test/Match Three Feature
Using Asset Import Pipeline V2.
Refreshing native plugins compatible for Editor in 67.96 ms, found 1 plugins.
Preloading 0 native plugins for Editor in 0.00 ms.
Initialize engine version: 2020.3.8f1 (507919d4fff5)
[Subsystems] Discovering subsystems at path C:/Program Files/Unity/Hub/Editor/2020.3.8f1/Editor/Data/Resources/UnitySubsystems
[Subsystems] Discovering subsystems at path C:/Users/Luz/Desktop/GG-Programming-Test/Match Three Feature/Assets
GfxDevice: creating device client; threaded=0
Direct3D:
    Version:  Direct3D 11.0 [level 11.1]
    Renderer: NVIDIA GeForce GTX 1060 6GB (ID=0x1c03)
    Vendor:   
    VRAM:     6052 MB
    Driver:   27.21.14.5671
Initialize mono
Mono path[0] = 'C:/Program Files/Unity/Hub/Editor/2020.3.8f1/Editor/Data/Managed'
Mono path[1] = 'C:/Program Files/Unity/Hub/Editor/2020.3.8f1/Editor/Data/MonoBleedingEdge/lib/mono/unityjit'
Mono config path = 'C:/Program Files/Unity/Hub/Editor/2020.3.8f1/Editor/Data/MonoBleedingEdge/etc'
Using monoOptions --debugger-agent=transport=dt_socket,embedding=1,server=y,suspend=n,address=127.0.0.1:56996
Begin MonoManager ReloadAssembly
Registering precompiled unity dll's ...
Register platform support module: C:/Program Files/Unity/Hub/Editor/2020.3.8f1/Editor/Data/PlaybackEngines/WebGLSupport/UnityEditor.WebGL.Extensions.dll
Register platform support module: C:/Program Files/Unity/Hub/Editor/2020.3.8f1/Editor/Data/PlaybackEngines/MacStandaloneSupport/UnityEditor.OSXStandalone.Extensions.dll
Register platform support module: C:/Program Files/Unity/Hub/Editor/2020.3.8f1/Editor/Data/PlaybackEngines/WindowsStandaloneSupport/UnityEditor.WindowsStandalone.Extensions.dll
Register platform support module: C:/Program Files/Unity/Hub/Editor/2020.3.8f1/Editor/Data/PlaybackEngines/LinuxStandaloneSupport/UnityEditor.LinuxStandalone.Extensions.dll
Registered in 0.005033 seconds.
Native extension for LinuxStandalone target not found
Native extension for WindowsStandalone target not found
Native extension for OSXStandalone target not found
Native extension for WebGL target not found
Refreshing native plugins compatible for Editor in 69.40 ms, found 1 plugins.
Preloading 0 native plugins for Editor in 0.00 ms.
Mono: successfully reloaded assembly
- Completed reload, in  2.103 seconds
Platform modules already initialized, skipping
Registering precompiled user dll's ...
Registered in 0.001699 seconds.
Begin MonoManager ReloadAssembly
Native extension for LinuxStandalone target not found
Native extension for WindowsStandalone target not found
Native extension for OSXStandalone target not found
Native extension for WebGL target not found
Refreshing native plugins compatible for Editor in 66.37 ms, found 1 plugins.
Preloading 0 native plugins for Editor in 0.00 ms.
Mono: successfully reloaded assembly
- Completed reload, in  1.709 seconds
Platform modules already initialized, skipping
========================================================================
Worker process is ready to serve import requests
Launched and connected shader compiler UnityShaderCompiler.exe after 0.07 seconds
Refreshing native plugins compatible for Editor in 0.55 ms, found 1 plugins.
Preloading 0 native plugins for Editor in 0.00 ms.
Unloading 1808 Unused Serialized files (Serialized files now loaded: 0)
System memory in use before: 84.9 MB.
System memory in use after: 84.8 MB.

Unloading 24 unused Assets to reduce memory usage. Loaded Objects now: 2250.
Total: 3.122800 ms (FindLiveObjects: 0.371900 ms CreateObjectMapping: 0.108200 ms MarkObjects: 2.436700 ms  DeleteObjects: 0.204600 ms)

========================================================================
Received Import Request.
  path: Assets/_Scenes
  artifactKey: Guid(6fd97ca857549db4dae0dd1833dfd102) Importer(815301076,1909f56bfc062723c751e8b465ee728b)
Start importing Assets/_Scenes using Guid(6fd97ca857549db4dae0dd1833dfd102) Importer(815301076,1909f56bfc062723c751e8b465ee728b)  -> (artifact id: 'c616068151ccf200060435c7935bdfc1') in 0.013245 seconds
  Import took 0.017024 seconds .

========================================================================
Received Import Request.
  Time since last request: 2.243332 seconds.
  path: Assets/_Scenes/Prefabs
  artifactKey: Guid(47a450280783d3e45be9f65120a2f6fb) Importer(815301076,1909f56bfc062723c751e8b465ee728b)
Start importing Assets/_Scenes/Prefabs using Guid(47a450280783d3e45be9f65120a2f6fb) Importer(815301076,1909f56bfc062723c751e8b465ee728b)  -> (artifact id: '27e49310cf3ea793d348ab8a9e760a11') in 0.012062 seconds
  Import took 0.016378 seconds .

========================================================================
Received Import Request.
  Time since last request: 28.564625 seconds.
  path: Assets/Prefabs/ClosedTile.png
  artifactKey: Guid(5e7add50cacb4fc478b8ac663c5c2116) Importer(815301076,1909f56bfc062723c751e8b465ee728b)
Start importing Assets/Prefabs/ClosedTile.png using Guid(5e7add50cacb4fc478b8ac663c5c2116) Importer(815301076,1909f56bfc062723c751e8b465ee728b)  -> (artifact id: '8a88af4c1313acd0d7e878b4359fd0b0') in 0.198788 seconds
  Import took 0.204218 seconds .

========================================================================
Received Import Request.
  Time since last request: 101.129174 seconds.
  path: Assets/Prefabs/ClosedTileSprite.png
  artifactKey: Guid(5e7add50cacb4fc478b8ac663c5c2116) Importer(815301076,1909f56bfc062723c751e8b465ee728b)
Start importing Assets/Prefabs/ClosedTileSprite.png using Guid(5e7add50cacb4fc478b8ac663c5c2116) Importer(815301076,1909f56bfc062723c751e8b465ee728b)  -> (artifact id: '7e041ff8077f99e66727ea7def316e4d') in 0.022323 seconds
  Import took 0.027131 seconds .

========================================================================
Received Import Request.
  Time since last request: 8.995266 seconds.
  path: Assets/Prefabs/ClosedTile.prefab
  artifactKey: Guid(c37bcf82ea84b154fa0b0764f4a2251d) Importer(815301076,1909f56bfc062723c751e8b465ee728b)
Start importing Assets/Prefabs/ClosedTile.prefab using Guid(c37bcf82ea84b154fa0b0764f4a2251d) Importer(815301076,1909f56bfc062723c751e8b465ee728b)  -> (artifact id: 'b3ec73dd80ae8039a45ac42db751dc31') in 0.060871 seconds
  Import took 0.065357 seconds .

========================================================================
Received Import Request.
  Time since last request: 0.004141 seconds.
  path: Assets/Prefabs/ClosedTile.prefab
  artifactKey: Guid(c37bcf82ea84b154fa0b0764f4a2251d) Importer(815301076,1909f56bfc062723c751e8b465ee728b)
Start importing Assets/Prefabs/ClosedTile.prefab using Guid(c37bcf82ea84b154fa0b0764f4a2251d) Importer(815301076,1909f56bfc062723c751e8b465ee728b)  -> (artifact id: 'b3ec73dd80ae8039a45ac42db751dc31') in 0.013860 seconds
  Import took 0.018760 seconds .

AssetImportWorkerClient::OnTransportError - code=2 error=End of file
